[2026-05-27T00:09:39Z] [INFO] [Bootstrap]: SIEM core framework initialization sequence started.
[2026-05-27T00:09:39Z] [DEBUG] [ConfigLoader]: Resolving platform variables via PSScriptRoot anchor.
[2026-05-27T00:09:39Z] [WARNING] [Collector]: High volume of authentication logs detected on interface.
[2026-05-27T00:09:39Z] [ERROR] [OutputHandler]: Terminating alert routing loop: disk volume read-only.
[2026-05-27T09:04:59Z] [INFO] [ProcessCollector]: Starting Process Execution Telemetry collection cycle.
[2026-05-27T09:09:48Z] [INFO] [ProcessCollector]: Starting Process Execution Telemetry collection cycle.
[2026-05-27T09:10:17Z] [INFO] [ProcessCollector]: Starting Process Execution Telemetry collection cycle.
[2026-05-27T09:11:03Z] [INFO] [ProcessCollector]: Starting Process Execution Telemetry collection cycle.
[2026-05-27T09:11:36Z] [INFO] [ProcessCollector]: Starting Process Execution Telemetry collection cycle.
[2026-05-27T09:14:34Z] [INFO] [ProcessCollector]: Starting Process Execution Telemetry collection cycle.
[2026-05-27T09:16:46Z] [INFO] [ProcessCollector]: Starting Process Execution Telemetry collection cycle.
[2026-05-27T09:17:04Z] [INFO] [ProcessCollector]: Starting Process Execution Telemetry collection cycle.
[2026-05-27T09:18:23Z] [INFO] [ProcessCollector]: Starting Process Execution Telemetry collection cycle.
[2026-05-27T09:19:35Z] [INFO] [ProcessCollector]: Starting Process Execution Telemetry collection cycle.
[2026-05-27T09:20:36Z] [INFO] [ProcessCollector]: Starting Process Execution Telemetry collection cycle.
[2026-05-27T09:20:59Z] [INFO] [ProcessCollector]: Starting Process Execution Telemetry collection cycle.
[2026-05-27T09:21:35Z] [INFO] [ProcessCollector]: Starting Process Execution Telemetry collection cycle.
[2026-05-27T09:21:50Z] [INFO] [ProcessCollector]: Starting Process Execution Telemetry collection cycle.
[2026-05-27T09:22:32Z] [INFO] [ProcessCollector]: Starting Process Execution Telemetry collection cycle.
[2026-05-27T09:22:45Z] [INFO] [ProcessCollector]: Starting Process Execution Telemetry collection cycle.
[2026-05-27T09:23:25Z] [INFO] [ProcessCollector]: Starting Process Execution Telemetry collection cycle.
[2026-05-27T09:23:45Z] [INFO] [ProcessCollector]: Starting Process Execution Telemetry collection cycle.
[2026-05-27T09:24:13Z] [INFO] [ProcessCollector]: Starting Process Execution Telemetry collection cycle.
[2026-05-27T09:24:31Z] [INFO] [ProcessCollector]: Starting Process Execution Telemetry collection cycle.
[2026-05-27T09:26:10Z] [INFO] [ProcessCollector]: Starting Process Execution Telemetry collection cycle.
[2026-05-27T09:26:38Z] [INFO] [ProcessCollector]: Starting Process Execution Telemetry collection cycle.
[2026-05-27T09:26:53Z] [INFO] [ProcessCollector]: Starting Process Execution Telemetry collection cycle.
[2026-05-27T09:27:03Z] [INFO] [ProcessCollector]: Starting Process Execution Telemetry collection cycle.
[2026-05-27T09:27:17Z] [INFO] [ProcessCollector]: Starting Process Execution Telemetry collection cycle.
[2026-05-27T09:29:46Z] [INFO] [ProcessCollector]: Starting Process Execution Telemetry collection cycle.
[2026-05-27T09:30:28Z] [INFO] [ProcessCollector]: Starting Process Execution Telemetry collection cycle.
[2026-05-27T09:32:07Z] [INFO] [ProcessCollector]: Starting Process Execution Telemetry collection cycle.
[2026-05-27T09:32:29Z] [INFO] [ProcessCollector]: Starting Process Execution Telemetry collection cycle.
[2026-05-27T09:34:42Z] [INFO] [ProcessCollector]: Starting Process Execution Telemetry collection cycle.
[2026-05-27T09:39:41Z] [INFO] [ProcessCollector]: Starting Process Execution Telemetry collection cycle.
[2026-05-27T09:39:57Z] [INFO] [ProcessCollector]: Starting Process Execution Telemetry collection cycle.
[2026-05-27T09:39:59Z] [INFO] [ProcessCollector]: Starting Process Execution Telemetry collection cycle.
[2026-05-27T09:41:07Z] [INFO] [ProcessCollector]: Starting Process Execution Telemetry collection cycle.
[2026-05-27T09:42:32Z] [INFO] [ProcessCollector]: Starting Process Execution Telemetry collection cycle.
[2026-05-27T09:43:02Z] [INFO] [ProcessCollector]: Starting Process Execution Telemetry collection cycle.
[2026-05-27T09:43:32Z] [INFO] [ProcessCollector]: Starting Process Execution Telemetry collection cycle.
[2026-05-27T09:43:51Z] [INFO] [ProcessCollector]: Starting Process Execution Telemetry collection cycle.
[2026-05-27T09:44:03Z] [INFO] [ProcessCollector]: Starting Process Execution Telemetry collection cycle.
[2026-05-27T09:45:05Z] [INFO] [ProcessCollector]: Starting Process Execution Telemetry collection cycle.
[2026-05-27T09:46:06Z] [INFO] [ProcessCollector]: Starting Process Execution Telemetry collection cycle.
[2026-05-27T09:50:10Z] [INFO] [ProcessCollector]: Starting Process Execution Telemetry collection cycle.
[2026-05-27T09:52:47Z] [INFO] [ProcessCollector]: Starting Process Execution Telemetry collection cycle.
[2026-05-27T09:54:30Z] [INFO] [ProcessCollector]: Starting Process Execution Telemetry collection cycle.
[2026-05-27T09:55:21Z] [INFO] [ProcessCollector]: Starting Process Execution Telemetry collection cycle.
[2026-05-27T09:55:44Z] [INFO] [ProcessCollector]: Starting Process Execution Telemetry collection cycle.
[2026-05-27T09:56:25Z] [INFO] [ProcessCollector]: Starting Process Execution Telemetry collection cycle.
[2026-05-27T09:58:04Z] [INFO] [ProcessCollector]: Starting Process Execution Telemetry collection cycle.
[2026-05-27T09:58:18Z] [INFO] [ProcessCollector]: Starting Process Execution Telemetry collection cycle.
[2026-05-27T09:58:32Z] [INFO] [ProcessCollector]: Starting Process Execution Telemetry collection cycle.
[2026-05-27T09:58:43Z] [INFO] [ProcessCollector]: Starting Process Execution Telemetry collection cycle.
[2026-05-27T09:58:52Z] [INFO] [ProcessCollector]: Starting Process Execution Telemetry collection cycle.
[2026-05-27T09:59:41Z] [INFO] [ProcessCollector]: Starting Process Execution Telemetry collection cycle.
[2026-05-27T10:00:06Z] [INFO] [ProcessCollector]: Starting Process Execution Telemetry collection cycle.
[2026-05-27T10:00:42Z] [INFO] [ProcessCollector]: Starting Process Execution Telemetry collection cycle.
[2026-05-27T10:01:07Z] [INFO] [ProcessCollector]: Starting Process Execution Telemetry collection cycle.
[2026-05-27T10:02:00Z] [INFO] [ProcessCollector]: Starting Process Execution Telemetry collection cycle.
[2026-05-27T10:06:43Z] [INFO] [ProcessCollector]: Starting Process Execution Telemetry collection cycle.
[2026-05-27T10:09:08Z] [INFO] [ProcessCollector]: Starting Process Execution Telemetry collection cycle.
[2026-05-27T10:09:27Z] [INFO] [ProcessCollector]: Starting Process Execution Telemetry collection cycle.
[2026-05-27T10:10:00Z] [INFO] [ProcessCollector]: Starting Process Execution Telemetry collection cycle.
[2026-05-27T10:10:22Z] [INFO] [ProcessCollector]: Starting Process Execution Telemetry collection cycle.
[2026-05-27T10:57:31Z] [INFO] [ProcessCollector]: Initializing Process Telemetry collection cycle...
[2026-05-27T10:57:31Z] [INFO] [ProcessCollector]: Querying Security log channel for Event IDs: (4688, 4689) over last  hour(s).
[2026-05-27T10:57:32Z] [INFO] [ProcessCollector]: No process creation or termination events found within lookback window.
[2026-05-27T10:59:11Z] [INFO] [PowershellCollector]: Initializing Powershell Telementry Cycle ...
[2026-05-27T10:59:33Z] [INFO] [PowershellCollector]: Initializing Powershell Telementry Cycle ...
[2026-05-27T10:59:33Z] [WARNING] [PowershellCollector]: Config mapping empty. Using default EIDs 4104.
[2026-05-27T10:59:53Z] [INFO] [PowershellCollector]: Initializing Powershell Telementry Cycle ...
[2026-05-27T10:59:53Z] [WARNING] [PowershellCollector]: Config mapping empty. Using default EIDs 4104.
[2026-05-27T11:02:39Z] [INFO] [PowershellCollector]: Initializing Powershell Telementry Cycle ...
[2026-05-27T11:02:39Z] [WARNING] [PowershellCollector]: Config mapping empty. Using default EIDs 4104.
[2026-05-27T11:02:46Z] [INFO] [PowershellCollector]: Initializing Powershell Telementry Cycle ...
[2026-05-27T11:02:46Z] [WARNING] [PowershellCollector]: Config mapping empty. Using default EIDs 4104.
[2026-05-27T11:03:09Z] [INFO] [PowershellCollector]: Initializing Powershell Telementry Cycle ...
[2026-05-27T11:03:09Z] [WARNING] [PowershellCollector]: Config mapping empty. Using default EIDs 4104.
[2026-05-27T11:07:11Z] [INFO] [PowershellCollector]: Initializing Powershell Telementry Cycle ...
[2026-05-27T11:07:11Z] [WARNING] [PowershellCollector]: Config mapping empty. Using default EIDs 4104.
[2026-05-27T11:08:04Z] [INFO] [PowershellCollector]: Initializing Powershell Telementry Cycle ...
[2026-05-27T11:08:04Z] [WARNING] [PowershellCollector]: Config mapping empty. Using default EIDs 4104.
[2026-05-27T11:08:13Z] [INFO] [PowershellCollector]: Initializing Powershell Telementry Cycle ...
[2026-05-27T11:08:13Z] [WARNING] [PowershellCollector]: Config mapping empty. Using default EIDs 4104.
[2026-05-27T11:08:29Z] [INFO] [PowershellCollector]: Initializing Powershell Telementry Cycle ...
[2026-05-27T11:08:29Z] [WARNING] [PowershellCollector]: Config mapping empty. Using default EIDs 4104.
[2026-05-27T11:08:35Z] [INFO] [PowershellCollector]: Initializing Powershell Telementry Cycle ...
[2026-05-27T11:08:35Z] [WARNING] [PowershellCollector]: Config mapping empty. Using default EIDs 4104.
[2026-05-27T12:51:48Z] [INFO] [PowershellCollector]: Initializing Powershell Telementry Cycle ...
[2026-05-27T12:51:48Z] [WARNING] [PowershellCollector]: Config mapping empty. Using default EIDs 4104.
[2026-05-27T12:52:07Z] [INFO] [PowershellCollector]: Initializing Powershell Telementry Cycle ...
[2026-05-27T12:52:07Z] [WARNING] [PowershellCollector]: Config mapping empty. Using default EIDs 4104.
[2026-05-27T12:53:47Z] [INFO] [PowershellCollector]: Initializing Powershell Telementry Cycle ...
[2026-05-27T12:53:47Z] [WARNING] [PowershellCollector]: Config mapping empty. Using default EIDs 4104.
[2026-05-27T12:54:11Z] [INFO] [PowershellCollector]: Initializing Powershell Telementry Cycle ...
[2026-05-27T12:54:11Z] [WARNING] [PowershellCollector]: Config mapping empty. Using default EIDs 4104.
[2026-05-27T12:54:32Z] [INFO] [PowershellCollector]: Initializing Powershell Telementry Cycle ...
[2026-05-27T12:54:32Z] [WARNING] [PowershellCollector]: Config mapping empty. Using default EIDs 4104.
[2026-05-27T12:55:05Z] [INFO] [PowershellCollector]: Initializing Powershell Telementry Cycle ...
[2026-05-27T12:55:05Z] [WARNING] [PowershellCollector]: Config mapping empty. Using default EIDs 4104.
[2026-05-27T12:55:29Z] [INFO] [PowershellCollector]: Initializing Powershell Telementry Cycle ...
[2026-05-27T12:55:29Z] [WARNING] [PowershellCollector]: Config mapping empty. Using default EIDs 4104.
[2026-05-27T13:02:30Z] [INFO] [PowershellCollector]: Initializing Powershell Telementry Cycle ...
[2026-05-27T13:02:30Z] [WARNING] [PowershellCollector]: Config mapping empty. Using default EIDs 4104.
[2026-05-27T13:02:57Z] [INFO] [PowershellCollector]: Initializing Powershell Telementry Cycle ...
[2026-05-27T13:02:57Z] [WARNING] [PowershellCollector]: Config mapping empty. Using default EIDs 4104.
[2026-05-27T13:03:29Z] [INFO] [PowershellCollector]: Initializing Powershell Telementry Cycle ...
[2026-05-27T13:03:29Z] [WARNING] [PowershellCollector]: Config mapping empty. Using default EIDs 4104.
[2026-05-27T13:04:54Z] [INFO] [PowershellCollector]: Initializing Powershell Telementry Cycle ...
[2026-05-27T13:04:54Z] [WARNING] [PowershellCollector]: Config mapping empty. Using default EIDs 4104.
[2026-05-27T13:05:18Z] [INFO] [PowershellCollector]: Initializing Powershell Telementry Cycle ...
[2026-05-27T13:05:19Z] [WARNING] [PowershellCollector]: Config mapping empty. Using default EIDs 4104.
[2026-05-27T13:13:49Z] [INFO] [PowershellCollector]: Initializing Powershell Telementry Cycle ...
[2026-05-27T13:13:49Z] [WARNING] [PowershellCollector]: Config mapping empty. Using default EIDs 4104.
[2026-05-27T13:14:18Z] [INFO] [PowershellCollector]: Initializing Powershell Telementry Cycle ...
[2026-05-27T13:14:18Z] [WARNING] [PowershellCollector]: Config mapping empty. Using default EIDs 4104.
[2026-05-27T13:14:44Z] [INFO] [PowershellCollector]: Initializing Powershell Telementry Cycle ...
[2026-05-27T13:14:44Z] [WARNING] [PowershellCollector]: Config mapping empty. Using default EIDs 4104.
[2026-05-27T13:21:15Z] [INFO] [PowershellCollector]: Initializing Powershell Telementry Cycle ...
[2026-05-27T13:21:15Z] [WARNING] [PowershellCollector]: Config mapping empty. Using default EIDs 4104.
[2026-05-27T13:21:46Z] [INFO] [PowershellCollector]: Initializing Powershell Telementry Cycle ...
[2026-05-27T13:21:46Z] [WARNING] [PowershellCollector]: Config mapping empty. Using default EIDs 4104.
[2026-05-27T13:23:28Z] [INFO] [PowershellCollector]: Initializing Powershell Telementry Cycle ...
[2026-05-27T13:23:28Z] [WARNING] [PowershellCollector]: Config mapping empty. Using default EIDs 4104.
[2026-05-27T13:24:09Z] [INFO] [PowershellCollector]: Initializing Powershell Telementry Cycle ...
[2026-05-27T13:24:09Z] [WARNING] [PowershellCollector]: Config mapping empty. Using default EIDs 4104.
[2026-05-27T13:31:19Z] [INFO] [PowershellCollector]: Initializing Powershell Telementry Cycle ...
[2026-05-27T13:31:19Z] [WARNING] [PowershellCollector]: Config mapping empty. Using default EIDs 4104.
[2026-05-27T13:33:36Z] [INFO] [PowershellCollector]: Initializing Powershell Telementry Cycle ...
[2026-05-27T13:33:36Z] [WARNING] [PowershellCollector]: Config mapping empty. Using default EIDs 4104.
[2026-05-27T13:34:08Z] [INFO] [PowershellCollector]: Initializing Powershell Telementry Cycle ...
[2026-05-27T13:34:08Z] [WARNING] [PowershellCollector]: Config mapping empty. Using default EIDs 4104.
[2026-05-27T13:34:43Z] [INFO] [PowershellCollector]: Initializing Powershell Telementry Cycle ...
[2026-05-27T13:34:43Z] [WARNING] [PowershellCollector]: Config mapping empty. Using default EIDs 4104.
[2026-05-27T13:35:10Z] [INFO] [PowershellCollector]: Initializing Powershell Telementry Cycle ...
[2026-05-27T13:35:10Z] [WARNING] [PowershellCollector]: Config mapping empty. Using default EIDs 4104.
[2026-05-27T13:43:09Z] [INFO] [PowershellCollector]: Initializing Powershell Telementry Cycle ...
[2026-05-27T13:43:10Z] [WARNING] [PowershellCollector]: Config mapping empty. Using default EIDs 4104.
[2026-05-27T13:46:37Z] [INFO] [PowershellCollector]: Initializing Powershell Telementry Cycle ...
[2026-05-27T13:46:37Z] [WARNING] [PowershellCollector]: Config mapping empty. Using default EIDs 4104.
[2026-05-27T13:47:53Z] [INFO] [PowershellCollector]: Initializing Powershell Telementry Cycle ...
[2026-05-27T13:47:53Z] [WARNING] [PowershellCollector]: Config mapping empty. Using default EIDs 4104.
[2026-05-27T14:08:29Z] [INFO] [ScheduledTaskCollector]: Initializing PowerShell Telemetry Cycle...
[2026-05-27T14:08:29Z] [INFO] [PowershellCollector]: Successfully normalized 0 process telemetry records.
[2026-05-27T14:15:04Z] [INFO] [ScheduledTaskCollector]: Initializing PowerShell Telemetry Cycle...
[2026-05-27T14:15:04Z] [INFO] [ScheduledTaskCollector]: Successfully normalized 0 process telemetry records.
[2026-05-27T14:15:18Z] [INFO] [ScheduledTaskCollector]: Initializing PowerShell Telemetry Cycle...
[2026-05-27T14:15:18Z] [INFO] [ScheduledTaskCollector]: Successfully normalized 0 process telemetry records.
[2026-05-27T15:08:00Z] [INFO] [ScheduledTaskCollector]: Initializing PowerShell Telemetry Cycle...
[2026-05-27T15:08:00Z] [INFO] [ScheduledTaskCollector]: Successfully normalized 0 process telemetry records.
[2026-05-27T15:08:41Z] [INFO] [ScheduledTaskCollector]: Initializing PowerShell Telemetry Cycle...
[2026-05-27T15:08:41Z] [WARNING] [ScheduledTaskCollector]: Config mapping empty. Using default EIDs 4625, 4624, 4720,4732, 4728, 1102
[2026-05-27T15:08:41Z] [INFO] [ScheduledTaskCollector]: Successfully normalized 0 process telemetry records.
[2026-05-27T15:09:04Z] [INFO] [ScheduledTaskCollector]: Initializing PowerShell Telemetry Cycle...
[2026-05-27T15:09:04Z] [INFO] [ScheduledTaskCollector]: Successfully normalized 0 process telemetry records.
[2026-05-27T15:11:52Z] [INFO] [ScheduledTaskCollector]: Initializing PowerShell Telemetry Cycle...
[2026-05-27T15:11:52Z] [WARNING] [ScheduledTaskCollector]: Config mapping empty. Using default EIDs 4625, 4624, 4720,4732, 4728, 1102
[2026-05-27T15:11:52Z] [INFO] [ScheduledTaskCollector]: Successfully normalized 0 process telemetry records.
[2026-05-27T15:13:09Z] [INFO] [ScheduledTaskCollector]: Initializing PowerShell Telemetry Cycle...
[2026-05-27T15:13:09Z] [WARNING] [ScheduledTaskCollector]: Config mapping empty. Using default EIDs 4625, 4624, 4720,4732, 4728, 1102
[2026-05-27T15:13:09Z] [INFO] [ScheduledTaskCollector]: Successfully normalized 0 process telemetry records.
[2026-05-27T15:15:10Z] [INFO] [ScheduledTaskCollector]: Initializing PowerShell Telemetry Cycle...
[2026-05-27T15:15:10Z] [INFO] [ScheduledTaskCollector]: Successfully normalized 0 process telemetry records.
[2026-05-27T15:15:38Z] [INFO] [ScheduledTaskCollector]: Initializing PowerShell Telemetry Cycle...
[2026-05-27T15:15:39Z] [INFO] [ScheduledTaskCollector]: Successfully normalized 0 process telemetry records.
[2026-05-27T15:15:58Z] [INFO] [ScheduledTaskCollector]: Initializing PowerShell Telemetry Cycle...
[2026-05-27T15:15:58Z] [INFO] [ScheduledTaskCollector]: Successfully normalized 0 process telemetry records.
[2026-05-27T15:17:34Z] [INFO] [ScheduledTaskCollector]: Initializing PowerShell Telemetry Cycle...
[2026-05-27T15:17:35Z] [INFO] [ScheduledTaskCollector]: Successfully normalized 0 process telemetry records.
[2026-05-27T15:23:58Z] [INFO] [ScheduledTaskCollector]: Initializing PowerShell Telemetry Cycle...
[2026-05-27T15:24:01Z] [INFO] [ScheduledTaskCollector]: Successfully normalized 53 process telemetry records.
[2026-05-27T15:24:25Z] [INFO] [ScheduledTaskCollector]: Initializing PowerShell Telemetry Cycle...
[2026-05-27T15:24:28Z] [INFO] [ScheduledTaskCollector]: Successfully normalized 53 process telemetry records.
[2026-05-27T15:25:14Z] [INFO] [ScheduledTaskCollector]: Initializing PowerShell Telemetry Cycle...
[2026-05-27T15:25:17Z] [INFO] [ScheduledTaskCollector]: Successfully normalized 53 process telemetry records.
[2026-05-27T15:30:04Z] [INFO] [ScheduledTaskCollector]: Initializing PowerShell Telemetry Cycle...
[2026-05-27T15:30:06Z] [INFO] [ScheduledTaskCollector]: Successfully normalized 48 process telemetry records.
[2026-05-27T15:31:42Z] [INFO] [ScheduledTaskCollector]: Initializing PowerShell Telemetry Cycle...
[2026-05-27T15:31:42Z] [INFO] [ScheduledTaskCollector]: Successfully normalized 48 process telemetry records.
[2026-05-27T15:32:19Z] [INFO] [ScheduledTaskCollector]: Initializing PowerShell Telemetry Cycle...
[2026-05-27T15:32:20Z] [INFO] [ScheduledTaskCollector]: Successfully normalized 48 process telemetry records.
[2026-05-27T15:32:33Z] [INFO] [ScheduledTaskCollector]: Initializing PowerShell Telemetry Cycle...
[2026-05-27T15:32:33Z] [INFO] [ScheduledTaskCollector]: Successfully normalized 48 process telemetry records.
[2026-05-27T15:37:41Z] [INFO] [ScheduledTaskCollector]: Initializing PowerShell Telemetry Cycle...
[2026-05-27T15:37:42Z] [INFO] [ScheduledTaskCollector]: Successfully normalized 48 process telemetry records.
[2026-05-27T15:37:52Z] [INFO] [ScheduledTaskCollector]: Initializing PowerShell Telemetry Cycle...
[2026-05-27T15:37:53Z] [INFO] [ScheduledTaskCollector]: Successfully normalized 48 process telemetry records.
[2026-05-27T15:43:22Z] [INFO] [ScheduledTaskCollector]: Initializing PowerShell Telemetry Cycle...
[2026-05-27T15:43:22Z] [INFO] [ScheduledTaskCollector]: Successfully normalized 0 process telemetry records.
[2026-05-27T15:43:45Z] [INFO] [ScheduledTaskCollector]: Initializing PowerShell Telemetry Cycle...
[2026-05-27T15:43:46Z] [INFO] [ScheduledTaskCollector]: Successfully normalized 49 process telemetry records.
[2026-05-27T15:44:10Z] [INFO] [ScheduledTaskCollector]: Initializing PowerShell Telemetry Cycle...
[2026-05-27T15:44:10Z] [INFO] [ScheduledTaskCollector]: Successfully normalized 0 process telemetry records.
[2026-05-27T15:46:11Z] [INFO] [ScheduledTaskCollector]: Initializing PowerShell Telemetry Cycle...
[2026-05-27T15:46:12Z] [INFO] [ScheduledTaskCollector]: Successfully normalized 49 process telemetry records.
[2026-05-27T15:49:09Z] [INFO] [ScheduledTaskCollector]: Initializing PowerShell Telemetry Cycle...
[2026-05-27T15:49:09Z] [INFO] [ScheduledTaskCollector]: Successfully normalized 50 process telemetry records.
[2026-05-28T23:26:08Z] [INFO] [SecurityCollector]: Initializing Security Infrastructure Telemetry Cycle...
[2026-05-28T23:26:08Z] [INFO] [SecurityCollector]: Querying Security log channel for Event IDs: (4624, 4625, 4720, 4726, 4732, 4728, 4724, 1102)
[2026-05-28T23:26:09Z] [INFO] [SecurityCollector]: Successfully normalized 41 infrastructure security records.
[2026-05-28T23:26:20Z] [INFO] [SecurityCollector]: Initializing Security Infrastructure Telemetry Cycle...
[2026-05-28T23:26:20Z] [INFO] [SecurityCollector]: Querying Security log channel for Event IDs: (4624, 4625, 4720, 4726, 4732, 4728, 4724, 1102)
[2026-05-28T23:26:20Z] [INFO] [SecurityCollector]: Successfully normalized 41 infrastructure security records.
[2026-05-28T23:26:31Z] [INFO] [SecurityCollector]: Initializing Security Infrastructure Telemetry Cycle...
[2026-05-28T23:26:31Z] [INFO] [SecurityCollector]: Querying Security log channel for Event IDs: (4624, 4625, 4720, 4726, 4732, 4728, 4724, 1102)
[2026-05-28T23:26:32Z] [INFO] [SecurityCollector]: Successfully normalized 41 infrastructure security records.
[2026-05-28T23:32:47Z] [INFO] [ScheduledTaskCollector]: Initializing Scheduled Task Telemetry Cycle...
[2026-05-28T23:32:47Z] [INFO] [ScheduledTaskCollector]: Querying TaskScheduler provider for Event IDs: (106, 140, 141, 200)
[2026-05-28T23:32:47Z] [INFO] [ScheduledTaskCollector]: Successfully normalized 0 scheduled task records.
[2026-05-28T23:32:58Z] [INFO] [ScheduledTaskCollector]: Initializing Scheduled Task Telemetry Cycle...
[2026-05-28T23:32:58Z] [INFO] [ScheduledTaskCollector]: Querying TaskScheduler provider for Event IDs: (106, 140, 141, 200)
[2026-05-28T23:32:58Z] [INFO] [ScheduledTaskCollector]: Successfully normalized 0 scheduled task records.
[2026-05-28T23:33:09Z] [INFO] [ScheduledTaskCollector]: Initializing Scheduled Task Telemetry Cycle...
[2026-05-28T23:33:09Z] [INFO] [ScheduledTaskCollector]: Querying TaskScheduler provider for Event IDs: (106, 140, 141, 200)
[2026-05-28T23:33:09Z] [INFO] [ScheduledTaskCollector]: Successfully normalized 0 scheduled task records.
[2026-05-28T23:35:43Z] [INFO] [ScheduledTaskCollector]: Initializing Scheduled Task Telemetry Cycle...
[2026-05-28T23:35:43Z] [INFO] [ScheduledTaskCollector]: Querying TaskScheduler provider for Event IDs: (106, 140, 141, 200)
[2026-05-28T23:35:43Z] [INFO] [ScheduledTaskCollector]: Successfully normalized 0 scheduled task records.
[2026-05-28T23:35:53Z] [INFO] [ScheduledTaskCollector]: Initializing Scheduled Task Telemetry Cycle...
[2026-05-28T23:35:53Z] [INFO] [ScheduledTaskCollector]: Querying TaskScheduler provider for Event IDs: (106, 140, 141, 200)
[2026-05-28T23:35:53Z] [INFO] [ScheduledTaskCollector]: Successfully normalized 0 scheduled task records.
[2026-05-28T23:36:03Z] [INFO] [ScheduledTaskCollector]: Initializing Scheduled Task Telemetry Cycle...
[2026-05-28T23:36:03Z] [INFO] [ScheduledTaskCollector]: Querying TaskScheduler provider for Event IDs: (106, 140, 141, 200)
[2026-05-28T23:36:04Z] [INFO] [ScheduledTaskCollector]: Successfully normalized 0 scheduled task records.
[2026-05-28T23:36:18Z] [INFO] [ScheduledTaskCollector]: Initializing Scheduled Task Telemetry Cycle...
[2026-05-28T23:36:18Z] [INFO] [ScheduledTaskCollector]: Querying TaskScheduler provider for Event IDs: (106, 140, 141, 200)
[2026-05-28T23:36:18Z] [INFO] [ScheduledTaskCollector]: Successfully normalized 0 scheduled task records.
[2026-05-28T23:36:28Z] [INFO] [ScheduledTaskCollector]: Initializing Scheduled Task Telemetry Cycle...
[2026-05-28T23:36:28Z] [INFO] [ScheduledTaskCollector]: Querying TaskScheduler provider for Event IDs: (106, 140, 141, 200)
[2026-05-28T23:36:28Z] [INFO] [ScheduledTaskCollector]: Successfully normalized 0 scheduled task records.
[2026-05-28T23:37:03Z] [INFO] [ScheduledTaskCollector]: Initializing Scheduled Task Telemetry Cycle...
[2026-05-28T23:37:03Z] [INFO] [ScheduledTaskCollector]: Querying TaskScheduler provider for Event IDs: (106, 140, 141, 200)
[2026-05-28T23:37:03Z] [INFO] [ScheduledTaskCollector]: Successfully normalized 0 scheduled task records.
[2026-05-28T23:37:13Z] [INFO] [ScheduledTaskCollector]: Initializing Scheduled Task Telemetry Cycle...
[2026-05-28T23:37:14Z] [INFO] [ScheduledTaskCollector]: Querying TaskScheduler provider for Event IDs: (106, 140, 141, 200)
[2026-05-28T23:37:14Z] [INFO] [ScheduledTaskCollector]: Successfully normalized 0 scheduled task records.
[2026-05-28T23:37:24Z] [INFO] [ScheduledTaskCollector]: Initializing Scheduled Task Telemetry Cycle...
[2026-05-28T23:37:24Z] [INFO] [ScheduledTaskCollector]: Querying TaskScheduler provider for Event IDs: (106, 140, 141, 200)
[2026-05-28T23:37:24Z] [INFO] [ScheduledTaskCollector]: Successfully normalized 0 scheduled task records.
[2026-05-28T23:38:37Z] [INFO] [ScheduledTaskCollector]: Initializing Scheduled Task Telemetry Cycle...
[2026-05-28T23:38:37Z] [INFO] [ScheduledTaskCollector]: Querying TaskScheduler provider for Event IDs: (106, 140, 141, 200)
[2026-05-28T23:38:37Z] [INFO] [ScheduledTaskCollector]: Successfully normalized 0 scheduled task records.
[2026-05-28T23:38:47Z] [INFO] [ScheduledTaskCollector]: Initializing Scheduled Task Telemetry Cycle...
[2026-05-28T23:38:47Z] [INFO] [ScheduledTaskCollector]: Querying TaskScheduler provider for Event IDs: (106, 140, 141, 200)
[2026-05-28T23:38:48Z] [INFO] [ScheduledTaskCollector]: Successfully normalized 0 scheduled task records.
[2026-05-28T23:38:58Z] [INFO] [ScheduledTaskCollector]: Initializing Scheduled Task Telemetry Cycle...
[2026-05-28T23:38:58Z] [INFO] [ScheduledTaskCollector]: Querying TaskScheduler provider for Event IDs: (106, 140, 141, 200)
[2026-05-28T23:38:58Z] [INFO] [ScheduledTaskCollector]: Successfully normalized 0 scheduled task records.
[2026-05-28T23:40:14Z] [INFO] [ScheduledTaskCollector]: Initializing Scheduled Task Telemetry Cycle...
[2026-05-28T23:40:14Z] [INFO] [ScheduledTaskCollector]: Querying TaskScheduler provider for Event IDs: (106, 140, 141, 200)
[2026-05-28T23:40:14Z] [INFO] [ScheduledTaskCollector]: Successfully normalized 0 scheduled task records.
[2026-05-28T23:40:24Z] [INFO] [ScheduledTaskCollector]: Initializing Scheduled Task Telemetry Cycle...
[2026-05-28T23:40:24Z] [INFO] [ScheduledTaskCollector]: Querying TaskScheduler provider for Event IDs: (106, 140, 141, 200)
[2026-05-28T23:40:25Z] [INFO] [ScheduledTaskCollector]: Successfully normalized 0 scheduled task records.
[2026-05-28T23:40:35Z] [INFO] [ScheduledTaskCollector]: Initializing Scheduled Task Telemetry Cycle...
[2026-05-28T23:40:35Z] [INFO] [ScheduledTaskCollector]: Querying TaskScheduler provider for Event IDs: (106, 140, 141, 200)
[2026-05-28T23:40:35Z] [INFO] [ScheduledTaskCollector]: Successfully normalized 0 scheduled task records.
[2026-05-28T23:40:45Z] [INFO] [ScheduledTaskCollector]: Initializing Scheduled Task Telemetry Cycle...
[2026-05-28T23:40:45Z] [INFO] [ScheduledTaskCollector]: Querying TaskScheduler provider for Event IDs: (106, 140, 141, 200)
[2026-05-28T23:40:45Z] [INFO] [ScheduledTaskCollector]: Successfully normalized 0 scheduled task records.
[2026-05-28T23:46:27Z] [INFO] [ScheduledTaskCollector]: Initializing Scheduled Task Telemetry Cycle...
[2026-05-28T23:46:27Z] [INFO] [ScheduledTaskCollector]: Querying TaskScheduler provider for Event IDs: (106, 140, 141, 200)
[2026-05-28T23:46:27Z] [INFO] [ScheduledTaskCollector]: Successfully normalized 0 scheduled task records.
[2026-05-28T23:46:37Z] [INFO] [ScheduledTaskCollector]: Initializing Scheduled Task Telemetry Cycle...
[2026-05-28T23:46:37Z] [INFO] [ScheduledTaskCollector]: Querying TaskScheduler provider for Event IDs: (106, 140, 141, 200)
[2026-05-28T23:46:37Z] [INFO] [ScheduledTaskCollector]: Successfully normalized 0 scheduled task records.
[2026-05-28T23:47:12Z] [INFO] [ScheduledTaskCollector]: Initializing Scheduled Task Telemetry Cycle...
[2026-05-28T23:47:12Z] [INFO] [ScheduledTaskCollector]: Querying TaskScheduler provider for Event IDs: (106, 140, 141, 200)
[2026-05-28T23:47:12Z] [INFO] [ScheduledTaskCollector]: Successfully normalized 0 scheduled task records.
[2026-05-28T23:47:22Z] [INFO] [ScheduledTaskCollector]: Initializing Scheduled Task Telemetry Cycle...
[2026-05-28T23:47:22Z] [INFO] [ScheduledTaskCollector]: Querying TaskScheduler provider for Event IDs: (106, 140, 141, 200)
[2026-05-28T23:47:22Z] [INFO] [ScheduledTaskCollector]: Successfully normalized 0 scheduled task records.
[2026-05-28T23:47:52Z] [INFO] [ScheduledTaskCollector]: Initializing Scheduled Task Telemetry Cycle...
[2026-05-28T23:47:52Z] [INFO] [ScheduledTaskCollector]: Querying TaskScheduler provider for Event IDs: (106, 140, 141, 200)
[2026-05-28T23:47:52Z] [INFO] [ScheduledTaskCollector]: Successfully normalized 0 scheduled task records.
[2026-05-28T23:48:29Z] [INFO] [ScheduledTaskCollector]: Initializing Scheduled Task Telemetry Cycle...
[2026-05-28T23:48:29Z] [INFO] [ScheduledTaskCollector]: Querying TaskScheduler provider for Event IDs: (106, 140, 141, 200)
[2026-05-28T23:48:29Z] [INFO] [ScheduledTaskCollector]: Successfully normalized 0 scheduled task records.
[2026-05-28T23:48:39Z] [INFO] [ScheduledTaskCollector]: Initializing Scheduled Task Telemetry Cycle...
[2026-05-28T23:48:39Z] [INFO] [ScheduledTaskCollector]: Querying TaskScheduler provider for Event IDs: (106, 140, 141, 200)
[2026-05-28T23:48:39Z] [INFO] [ScheduledTaskCollector]: Successfully normalized 0 scheduled task records.
[2026-05-28T23:51:31Z] [INFO] [SecurityCollector]: Initializing Security Infrastructure Telemetry Cycle...
[2026-05-28T23:51:31Z] [INFO] [SecurityCollector]: Querying Security log channel for Event IDs: (4624, 4625, 4720, 4726, 4732, 4728, 4724, 1102)
[2026-05-28T23:51:31Z] [INFO] [SecurityCollector]: Successfully normalized 41 infrastructure security records.
[2026-05-28T23:51:41Z] [INFO] [SecurityCollector]: Initializing Security Infrastructure Telemetry Cycle...
[2026-05-28T23:51:41Z] [INFO] [SecurityCollector]: Querying Security log channel for Event IDs: (4624, 4625, 4720, 4726, 4732, 4728, 4724, 1102)
[2026-05-28T23:51:42Z] [INFO] [SecurityCollector]: Successfully normalized 41 infrastructure security records.
[2026-05-28T23:52:32Z] [INFO] [SecurityCollector]: Initializing Security Infrastructure Telemetry Cycle...
[2026-05-28T23:52:32Z] [INFO] [SecurityCollector]: Querying Security log channel for Event IDs: (4624, 4625, 4720, 4726, 4732, 4728, 4724, 1102)
[2026-05-28T23:52:32Z] [INFO] [SecurityCollector]: Successfully normalized 41 infrastructure security records.
[2026-05-28T23:52:42Z] [INFO] [SecurityCollector]: Initializing Security Infrastructure Telemetry Cycle...
[2026-05-28T23:52:42Z] [INFO] [SecurityCollector]: Querying Security log channel for Event IDs: (4624, 4625, 4720, 4726, 4732, 4728, 4724, 1102)
[2026-05-28T23:52:43Z] [INFO] [SecurityCollector]: Successfully normalized 41 infrastructure security records.
[2026-05-28T23:56:40Z] [INFO] [ScheduledTaskCollector]: Initializing Scheduled Task Telemetry Cycle...
[2026-05-28T23:56:40Z] [INFO] [ScheduledTaskCollector]: Querying TaskScheduler provider for Event IDs: (106, 140, 141, 200)
[2026-05-28T23:56:40Z] [INFO] [ScheduledTaskCollector]: Successfully normalized 0 scheduled task records.
[2026-05-28T23:56:51Z] [INFO] [ScheduledTaskCollector]: Initializing Scheduled Task Telemetry Cycle...
[2026-05-28T23:56:51Z] [INFO] [ScheduledTaskCollector]: Querying TaskScheduler provider for Event IDs: (106, 140, 141, 200)
[2026-05-28T23:56:51Z] [INFO] [ScheduledTaskCollector]: Successfully normalized 0 scheduled task records.
[2026-05-28T23:57:02Z] [INFO] [ScheduledTaskCollector]: Initializing Scheduled Task Telemetry Cycle...
[2026-05-28T23:57:02Z] [INFO] [ScheduledTaskCollector]: Querying TaskScheduler provider for Event IDs: (106, 140, 141, 200)
[2026-05-28T23:57:02Z] [INFO] [ScheduledTaskCollector]: Successfully normalized 0 scheduled task records.
[2026-05-28T23:57:13Z] [INFO] [ScheduledTaskCollector]: Initializing Scheduled Task Telemetry Cycle...
[2026-05-28T23:57:13Z] [INFO] [ScheduledTaskCollector]: Querying TaskScheduler provider for Event IDs: (106, 140, 141, 200)
[2026-05-28T23:57:13Z] [INFO] [ScheduledTaskCollector]: Successfully normalized 0 scheduled task records.
[2026-05-28T23:57:24Z] [INFO] [ScheduledTaskCollector]: Initializing Scheduled Task Telemetry Cycle...
[2026-05-28T23:57:24Z] [INFO] [ScheduledTaskCollector]: Querying TaskScheduler provider for Event IDs: (106, 140, 141, 200)
[2026-05-28T23:57:24Z] [INFO] [ScheduledTaskCollector]: Successfully normalized 0 scheduled task records.
[2026-05-28T23:57:39Z] [INFO] [SecurityCollector]: Initializing Security Infrastructure Telemetry Cycle...
[2026-05-28T23:57:40Z] [INFO] [SecurityCollector]: Querying Security log channel for Event IDs: (4624, 4625, 4720, 4726, 4732, 4728, 4724, 1102)
[2026-05-28T23:57:40Z] [INFO] [SecurityCollector]: Successfully normalized 41 infrastructure security records.
[2026-05-28T23:57:50Z] [INFO] [SecurityCollector]: Initializing Security Infrastructure Telemetry Cycle...
[2026-05-28T23:57:51Z] [INFO] [SecurityCollector]: Querying Security log channel for Event IDs: (4624, 4625, 4720, 4726, 4732, 4728, 4724, 1102)
[2026-05-28T23:57:51Z] [INFO] [SecurityCollector]: Successfully normalized 41 infrastructure security records.
[2026-05-29T00:01:25Z] [INFO] [PowershellCollector]: Initializing PowerShell Telemetry Cycle...
[2026-05-29T00:01:25Z] [INFO] [PowershellCollector]: Successfully normalized 90 process telemetry records.
[2026-05-29T00:06:01Z] [INFO] [PowershellCollector]: Initializing PowerShell Telemetry Cycle...
[2026-05-29T00:06:01Z] [INFO] [PowershellCollector]: Successfully normalized 90 process telemetry records.
[2026-05-29T00:06:12Z] [INFO] [PowershellCollector]: Initializing PowerShell Telemetry Cycle...
[2026-05-29T00:06:12Z] [INFO] [PowershellCollector]: Successfully normalized 90 process telemetry records.
[2026-05-29T00:09:31Z] [INFO] [PowershellCollector]: Initializing PowerShell Telemetry Cycle...
[2026-05-29T00:09:31Z] [INFO] [PowershellCollector]: Successfully normalized 90 process telemetry records.
[2026-05-29T00:09:42Z] [INFO] [PowershellCollector]: Initializing PowerShell Telemetry Cycle...
[2026-05-29T00:09:43Z] [INFO] [PowershellCollector]: Successfully normalized 90 process telemetry records.
[2026-05-29T00:11:17Z] [INFO] [PowershellCollector]: Initializing PowerShell Telemetry Cycle...
[2026-05-29T00:11:17Z] [INFO] [PowershellCollector]: Successfully normalized 90 process telemetry records.
[2026-05-29T00:12:57Z] [INFO] [PowershellCollector]: Initializing PowerShell Telemetry Cycle...
[2026-05-29T00:13:39Z] [INFO] [PowershellCollector]: Initializing PowerShell Telemetry Cycle...
[2026-05-29T02:36:57Z] [INFO] [SecurityCollector]: Initializing Security Infrastructure Telemetry Cycle...
[2026-05-29T02:36:57Z] [INFO] [SecurityCollector]: Querying Security log channel for Event IDs: (4624, 4625, 4720, 4726, 4732, 4728, 4724, 1102)
[2026-05-29T02:36:58Z] [INFO] [SecurityCollector]: Successfully normalized 66 infrastructure security records.
[2026-05-29T02:38:56Z] [INFO] [SecurityCollector]: Initializing Security Infrastructure Telemetry Cycle...
[2026-05-29T02:38:56Z] [INFO] [SecurityCollector]: Querying Security log channel for Event IDs: (4624, 4625, 4720, 4726, 4732, 4728, 4724, 1102)
[2026-05-29T02:38:57Z] [INFO] [SecurityCollector]: Successfully normalized 66 infrastructure security records.
[2026-05-29T02:39:42Z] [INFO] [SecurityCollector]: Initializing Security Infrastructure Telemetry Cycle...
[2026-05-29T02:39:42Z] [INFO] [SecurityCollector]: Querying Security log channel for Event IDs: (4624, 4625, 4720, 4726, 4732, 4728, 4724, 1102)
[2026-05-29T02:39:42Z] [INFO] [SecurityCollector]: Successfully normalized 66 infrastructure security records.
[2026-05-29T02:39:52Z] [INFO] [SecurityCollector]: Initializing Security Infrastructure Telemetry Cycle...
[2026-05-29T02:39:52Z] [INFO] [SecurityCollector]: Querying Security log channel for Event IDs: (4624, 4625, 4720, 4726, 4732, 4728, 4724, 1102)
[2026-05-29T02:39:52Z] [INFO] [SecurityCollector]: Successfully normalized 66 infrastructure security records.
[2026-05-29T02:40:02Z] [INFO] [SecurityCollector]: Initializing Security Infrastructure Telemetry Cycle...
[2026-05-29T02:40:02Z] [INFO] [SecurityCollector]: Querying Security log channel for Event IDs: (4624, 4625, 4720, 4726, 4732, 4728, 4724, 1102)
[2026-05-29T02:40:02Z] [INFO] [SecurityCollector]: Successfully normalized 66 infrastructure security records.
[2026-05-29T02:40:25Z] [INFO] [SecurityCollector]: Initializing Security Infrastructure Telemetry Cycle...
[2026-05-29T02:40:25Z] [INFO] [SecurityCollector]: Querying Security log channel for Event IDs: (4624, 4625, 4720, 4726, 4732, 4728, 4724, 1102)
[2026-05-29T02:40:25Z] [INFO] [SecurityCollector]: Successfully normalized 66 infrastructure security records.
[2026-05-29T02:40:46Z] [INFO] [SecurityCollector]: Initializing Security Infrastructure Telemetry Cycle...
[2026-05-29T02:40:46Z] [INFO] [SecurityCollector]: Querying Security log channel for Event IDs: (4624, 4625, 4720, 4726, 4732, 4728, 4724, 1102)
[2026-05-29T02:40:46Z] [INFO] [SecurityCollector]: Successfully normalized 66 infrastructure security records.
[2026-05-29T02:43:34Z] [INFO] [SecurityCollector]: Initializing Security Infrastructure Telemetry Cycle...
[2026-05-29T02:43:34Z] [INFO] [SecurityCollector]: Querying Security log channel for Event IDs: (4624, 4625, 4720, 4726, 4732, 4728, 4724, 1102)
[2026-05-29T02:43:34Z] [INFO] [SecurityCollector]: Successfully normalized 66 infrastructure security records.
[2026-05-29T02:43:44Z] [INFO] [SecurityCollector]: Initializing Security Infrastructure Telemetry Cycle...
[2026-05-29T02:43:44Z] [INFO] [SecurityCollector]: Querying Security log channel for Event IDs: (4624, 4625, 4720, 4726, 4732, 4728, 4724, 1102)
[2026-05-29T02:43:45Z] [INFO] [SecurityCollector]: Successfully normalized 66 infrastructure security records.
[2026-05-29T02:45:33Z] [INFO] [SecurityCollector]: Initializing Security Infrastructure Telemetry Cycle...
[2026-05-29T02:45:33Z] [INFO] [SecurityCollector]: Querying Security log channel for Event IDs: (4624, 4625, 4720, 4726, 4732, 4728, 4724, 1102)
[2026-05-29T02:45:34Z] [INFO] [SecurityCollector]: Successfully normalized 65 infrastructure security records.
[2026-05-29T02:47:23Z] [INFO] [SecurityCollector]: Initializing Security Infrastructure Telemetry Cycle...
[2026-05-29T02:47:23Z] [INFO] [SecurityCollector]: Querying Security log channel for Event IDs: (4624, 4625, 4720, 4726, 4732, 4728, 4724, 1102)
[2026-05-29T02:47:23Z] [INFO] [SecurityCollector]: Successfully normalized 65 infrastructure security records.
[2026-05-29T02:47:58Z] [INFO] [SecurityCollector]: Initializing Security Infrastructure Telemetry Cycle...
[2026-05-29T02:47:58Z] [INFO] [SecurityCollector]: Querying Security log channel for Event IDs: (4624, 4625, 4720, 4726, 4732, 4728, 4724, 1102)
[2026-05-29T02:47:59Z] [INFO] [SecurityCollector]: Successfully normalized 65 infrastructure security records.
[2026-05-29T02:49:20Z] [INFO] [ScheduledTaskCollector]: Initializing Scheduled Task Telemetry Cycle...
[2026-05-29T02:49:20Z] [INFO] [ScheduledTaskCollector]: Querying TaskScheduler provider for Event IDs: (106, 140, 141, 200)
[2026-05-29T02:49:20Z] [INFO] [ScheduledTaskCollector]: Successfully normalized 0 scheduled task records.
[2026-05-29T02:55:45Z] [INFO] [ScheduledTaskCollector]: Initializing Scheduled Task Telemetry Cycle...
[2026-05-29T02:55:45Z] [INFO] [ScheduledTaskCollector]: Querying TaskScheduler provider for Event IDs: (106, 140, 141, 200)
[2026-05-29T02:55:45Z] [INFO] [ScheduledTaskCollector]: Successfully normalized 0 scheduled task records.
[2026-05-29T02:55:55Z] [INFO] [ScheduledTaskCollector]: Initializing Scheduled Task Telemetry Cycle...
[2026-05-29T02:55:55Z] [INFO] [ScheduledTaskCollector]: Querying TaskScheduler provider for Event IDs: (106, 140, 141, 200)
[2026-05-29T02:55:55Z] [INFO] [ScheduledTaskCollector]: Successfully normalized 0 scheduled task records.
[2026-05-29T02:56:05Z] [INFO] [ScheduledTaskCollector]: Initializing Scheduled Task Telemetry Cycle...
[2026-05-29T02:56:05Z] [INFO] [ScheduledTaskCollector]: Querying TaskScheduler provider for Event IDs: (106, 140, 141, 200)
[2026-05-29T02:56:05Z] [INFO] [ScheduledTaskCollector]: Successfully normalized 0 scheduled task records.
[2026-05-29T02:56:16Z] [INFO] [ScheduledTaskCollector]: Initializing Scheduled Task Telemetry Cycle...
[2026-05-29T02:56:16Z] [INFO] [ScheduledTaskCollector]: Querying TaskScheduler provider for Event IDs: (106, 140, 141, 200)
[2026-05-29T02:56:16Z] [INFO] [ScheduledTaskCollector]: Successfully normalized 0 scheduled task records.
[2026-05-29T02:56:26Z] [INFO] [ScheduledTaskCollector]: Initializing Scheduled Task Telemetry Cycle...
[2026-05-29T02:56:26Z] [INFO] [ScheduledTaskCollector]: Querying TaskScheduler provider for Event IDs: (106, 140, 141, 200)
[2026-05-29T02:56:26Z] [INFO] [ScheduledTaskCollector]: Successfully normalized 0 scheduled task records.
[2026-05-29T02:56:36Z] [INFO] [ScheduledTaskCollector]: Initializing Scheduled Task Telemetry Cycle...
[2026-05-29T02:56:36Z] [INFO] [ScheduledTaskCollector]: Querying TaskScheduler provider for Event IDs: (106, 140, 141, 200)
[2026-05-29T02:56:37Z] [INFO] [ScheduledTaskCollector]: Successfully normalized 0 scheduled task records.
[2026-05-29T02:56:47Z] [INFO] [ScheduledTaskCollector]: Initializing Scheduled Task Telemetry Cycle...
[2026-05-29T02:56:47Z] [INFO] [ScheduledTaskCollector]: Querying TaskScheduler provider for Event IDs: (106, 140, 141, 200)
[2026-05-29T02:56:47Z] [INFO] [ScheduledTaskCollector]: Successfully normalized 0 scheduled task records.
[2026-05-29T02:56:57Z] [INFO] [ScheduledTaskCollector]: Initializing Scheduled Task Telemetry Cycle...
[2026-05-29T02:56:57Z] [INFO] [ScheduledTaskCollector]: Querying TaskScheduler provider for Event IDs: (106, 140, 141, 200)
[2026-05-29T02:56:57Z] [INFO] [ScheduledTaskCollector]: Successfully normalized 0 scheduled task records.
[2026-05-29T02:57:14Z] [INFO] [ScheduledTaskCollector]: Initializing Scheduled Task Telemetry Cycle...
[2026-05-29T02:57:14Z] [INFO] [ScheduledTaskCollector]: Querying TaskScheduler provider for Event IDs: (106, 140, 141, 200)
[2026-05-29T02:57:14Z] [INFO] [ScheduledTaskCollector]: Successfully normalized 0 scheduled task records.
[2026-05-29T03:18:14Z] [INFO] [SecurityCollector]: Initializing Security Infrastructure Telemetry Cycle...
[2026-05-29T03:18:14Z] [INFO] [SecurityCollector]: Querying Security log channel for Event IDs: (4624, 4625, 4720, 4726, 4732, 4728, 4724, 1102)
[2026-05-29T03:18:15Z] [INFO] [SecurityCollector]: Successfully normalized 95 infrastructure security records.
[2026-05-29T03:21:59Z] [INFO] [ProcessCollector]: Initializing Process Telemetry collection cycle...
[2026-05-29T03:21:59Z] [INFO] [ProcessCollector]: Querying Security log channel for Event IDs: (4688, 4689) over last 2 hour(s).
[2026-05-29T03:22:11Z] [INFO] [ProcessCollector]: Successfully normalized 13418 process telemetry records.
[2026-05-29T03:24:28Z] [INFO] [ScheduledTaskCollector]: Initializing Scheduled Task Telemetry Cycle...
[2026-05-29T03:24:28Z] [INFO] [ScheduledTaskCollector]: Querying TaskScheduler provider for Event IDs: (106, 140, 141, 200)
[2026-05-29T03:24:28Z] [INFO] [ScheduledTaskCollector]: Successfully normalized 0 scheduled task records.
[2026-05-29T03:24:47Z] [INFO] [SecurityCollector]: Initializing Security Infrastructure Telemetry Cycle...
[2026-05-29T03:24:47Z] [INFO] [SecurityCollector]: Querying Security log channel for Event IDs: (4624, 4625, 4720, 4726, 4732, 4728, 4724, 1102)
[2026-05-29T03:24:47Z] [INFO] [SecurityCollector]: Successfully normalized 117 infrastructure security records.
[2026-05-29T03:27:09Z] [INFO] [SecurityCollector]: Initializing Security Infrastructure Telemetry Cycle...
[2026-05-29T03:27:09Z] [INFO] [SecurityCollector]: Querying Security log channel for Event IDs: (4624, 4625, 4720, 4726, 4732, 4728, 4724, 1102)
[2026-05-29T03:27:10Z] [INFO] [SecurityCollector]: Successfully normalized 118 infrastructure security records.
[2026-05-29T03:27:48Z] [INFO] [ProcessCollector]: Initializing Process Telemetry collection cycle...
[2026-05-29T03:27:48Z] [INFO] [ProcessCollector]: Querying Security log channel for Event IDs: (4688, 4689) over last 5 hour(s).
[2026-05-29T03:28:09Z] [INFO] [ProcessCollector]: Successfully normalized 25312 process telemetry records.
[2026-05-29T13:55:22Z] [INFO] [ProcessCollector]: Initializing Process Telemetry collection cycle...
[2026-05-29T13:55:22Z] [INFO] [ProcessCollector]: Querying Security log channel for Event IDs: (4688, 4689) over last 5 hour(s).
[2026-05-29T13:55:23Z] [INFO] [ProcessCollector]: No process creation or termination events found within lookback window.
[2026-05-29T13:55:33Z] [INFO] [ProcessCollector]: Initializing Process Telemetry collection cycle...
[2026-05-29T13:55:33Z] [INFO] [ProcessCollector]: Querying Security log channel for Event IDs: (4688, 4689) over last 5 hour(s).
[2026-05-29T13:55:33Z] [INFO] [ProcessCollector]: No process creation or termination events found within lookback window.
[2026-05-29T13:55:44Z] [INFO] [ProcessCollector]: Initializing Process Telemetry collection cycle...
[2026-05-29T13:55:44Z] [INFO] [ProcessCollector]: Querying Security log channel for Event IDs: (4688, 4689) over last 5 hour(s).
[2026-05-29T13:55:44Z] [INFO] [ProcessCollector]: No process creation or termination events found within lookback window.
[2026-05-29T13:55:55Z] [INFO] [ProcessCollector]: Initializing Process Telemetry collection cycle...
[2026-05-29T13:55:55Z] [INFO] [ProcessCollector]: Querying Security log channel for Event IDs: (4688, 4689) over last 5 hour(s).
[2026-05-29T13:55:55Z] [INFO] [ProcessCollector]: No process creation or termination events found within lookback window.
[2026-05-29T13:56:06Z] [INFO] [ProcessCollector]: Initializing Process Telemetry collection cycle...
[2026-05-29T13:56:06Z] [INFO] [ProcessCollector]: Querying Security log channel for Event IDs: (4688, 4689) over last 5 hour(s).
[2026-05-29T13:56:06Z] [INFO] [ProcessCollector]: No process creation or termination events found within lookback window.
[2026-05-29T13:56:17Z] [INFO] [ProcessCollector]: Initializing Process Telemetry collection cycle...
[2026-05-29T13:56:17Z] [INFO] [ProcessCollector]: Querying Security log channel for Event IDs: (4688, 4689) over last 5 hour(s).
[2026-05-29T13:56:17Z] [INFO] [ProcessCollector]: No process creation or termination events found within lookback window.
[2026-05-29T13:57:07Z] [INFO] [ProcessCollector]: Initializing Process Telemetry collection cycle...
[2026-05-29T13:57:07Z] [INFO] [ProcessCollector]: Querying Security log channel for Event IDs: (4688, 4689) over last 5 hour(s).
[2026-05-29T13:57:07Z] [INFO] [ProcessCollector]: No process creation or termination events found within lookback window.
[2026-05-29T13:57:17Z] [INFO] [ProcessCollector]: Initializing Process Telemetry collection cycle...
[2026-05-29T13:57:17Z] [INFO] [ProcessCollector]: Querying Security log channel for Event IDs: (4688, 4689) over last 5 hour(s).
[2026-05-29T13:57:17Z] [INFO] [ProcessCollector]: No process creation or termination events found within lookback window.
[2026-05-29T13:57:28Z] [INFO] [ProcessCollector]: Initializing Process Telemetry collection cycle...
[2026-05-29T13:57:28Z] [INFO] [ProcessCollector]: Querying Security log channel for Event IDs: (4688, 4689) over last 5 hour(s).
[2026-05-29T13:57:28Z] [INFO] [ProcessCollector]: No process creation or termination events found within lookback window.
[2026-05-29T13:57:38Z] [INFO] [ProcessCollector]: Initializing Process Telemetry collection cycle...
[2026-05-29T13:57:38Z] [INFO] [ProcessCollector]: Querying Security log channel for Event IDs: (4688, 4689) over last 5 hour(s).
[2026-05-29T13:57:38Z] [INFO] [ProcessCollector]: No process creation or termination events found within lookback window.
[2026-05-29T13:57:48Z] [INFO] [ProcessCollector]: Initializing Process Telemetry collection cycle...
[2026-05-29T13:57:48Z] [INFO] [ProcessCollector]: Querying Security log channel for Event IDs: (4688, 4689) over last 5 hour(s).
[2026-05-29T13:57:49Z] [INFO] [ProcessCollector]: No process creation or termination events found within lookback window.
[2026-05-29T13:57:59Z] [INFO] [ProcessCollector]: Initializing Process Telemetry collection cycle...
[2026-05-29T13:57:59Z] [INFO] [ProcessCollector]: Querying Security log channel for Event IDs: (4688, 4689) over last 5 hour(s).
[2026-05-29T13:57:59Z] [INFO] [ProcessCollector]: No process creation or termination events found within lookback window.
[2026-05-29T13:58:09Z] [INFO] [ProcessCollector]: Initializing Process Telemetry collection cycle...
[2026-05-29T13:58:09Z] [INFO] [ProcessCollector]: Querying Security log channel for Event IDs: (4688, 4689) over last 5 hour(s).
[2026-05-29T13:58:09Z] [INFO] [ProcessCollector]: No process creation or termination events found within lookback window.
[2026-05-29T13:58:16Z] [INFO] [ProcessCollector]: Initializing Process Telemetry collection cycle...
[2026-05-29T13:58:16Z] [INFO] [ProcessCollector]: Querying Security log channel for Event IDs: (4688, 4689) over last 72 hour(s).
[2026-05-29T13:58:16Z] [INFO] [ProcessCollector]: No process creation or termination events found within lookback window.
[2026-05-29T13:58:26Z] [INFO] [ProcessCollector]: Initializing Process Telemetry collection cycle...
[2026-05-29T13:58:26Z] [INFO] [ProcessCollector]: Querying Security log channel for Event IDs: (4688, 4689) over last 72 hour(s).
[2026-05-29T13:58:27Z] [INFO] [ProcessCollector]: No process creation or termination events found within lookback window.
[2026-05-29T13:58:37Z] [INFO] [ProcessCollector]: Initializing Process Telemetry collection cycle...
[2026-05-29T13:58:37Z] [INFO] [ProcessCollector]: Querying Security log channel for Event IDs: (4688, 4689) over last 72 hour(s).
[2026-05-29T13:58:37Z] [INFO] [ProcessCollector]: No process creation or termination events found within lookback window.
[2026-05-29T14:02:39Z] [INFO] [ProcessCollector]: Initializing Process Telemetry collection cycle...
[2026-05-29T14:02:39Z] [INFO] [ProcessCollector]: Querying Security log channel for Event IDs: (4688, 4689) over last 72 hour(s).
[2026-05-29T14:02:39Z] [INFO] [ProcessCollector]: No process creation or termination events found within lookback window.
[2026-05-29T14:03:11Z] [INFO] [SecurityCollector]: Initializing Security Infrastructure Telemetry Cycle...
[2026-05-29T14:03:11Z] [INFO] [SecurityCollector]: Querying Security log channel for Event IDs: (4624, 4625, 4720, 4726, 4732, 4728, 4724, 1102)
[2026-05-29T14:03:11Z] [INFO] [SecurityCollector]: Successfully normalized 0 infrastructure security records.
[2026-05-29T14:03:24Z] [INFO] [SecurityCollector]: Initializing Security Infrastructure Telemetry Cycle...
[2026-05-29T14:03:24Z] [INFO] [SecurityCollector]: Querying Security log channel for Event IDs: (4624, 4625, 4720, 4726, 4732, 4728, 4724, 1102)
[2026-05-29T14:03:24Z] [INFO] [SecurityCollector]: Successfully normalized 0 infrastructure security records.
[2026-05-29T14:06:26Z] [INFO] [SecurityCollector]: Initializing Security Infrastructure Telemetry Cycle...
[2026-05-29T14:06:26Z] [INFO] [SecurityCollector]: Querying Security log channel for Event IDs: (4624, 4625, 4720, 4726, 4732, 4728, 4724, 1102)
[2026-05-29T14:06:26Z] [INFO] [SecurityCollector]: Successfully normalized 0 infrastructure security records.
[2026-05-29T14:09:29Z] [INFO] [SecurityCollector]: Initializing Security Infrastructure Telemetry Cycle...
[2026-05-29T14:09:29Z] [INFO] [SecurityCollector]: Querying Security log channel for Event IDs: (4624, 4625, 4720, 4726, 4732, 4728, 4724, 1102)
[2026-05-29T14:09:30Z] [INFO] [SecurityCollector]: Successfully normalized 0 infrastructure security records.
[2026-05-29T14:11:55Z] [INFO] [SecurityCollector]: Initializing Security Infrastructure Telemetry Cycle...
[2026-05-29T14:11:55Z] [INFO] [SecurityCollector]: Querying Security log channel for Event IDs: (4624, 4625, 4720, 4726, 4732, 4728, 4724, 1102)
[2026-05-29T14:11:56Z] [INFO] [SecurityCollector]: Successfully normalized 138 infrastructure security records.
[2026-05-29T14:12:34Z] [INFO] [ProcessCollector]: Initializing Process Telemetry collection cycle...
[2026-05-29T14:12:34Z] [INFO] [ProcessCollector]: Querying Security log channel for Event IDs: (4688, 4689) over last 104 hour(s).
[2026-05-29T14:12:48Z] [INFO] [ProcessCollector]: Successfully normalized 23146 process telemetry records.
[2026-05-29T14:15:27Z] [INFO] [RegistryCollector]: Initializing Registry Telemetry Cycle...
[2026-05-29T14:15:27Z] [INFO] [RegistryCollector]: Querying Security channel for Registry Event IDs: (4657, 4656)
[2026-05-29T14:15:27Z] [INFO] [RegistryCollector]: Successfully normalized 0 registry telemetry records.
[2026-05-29T14:15:37Z] [INFO] [RegistryCollector]: Initializing Registry Telemetry Cycle...
[2026-05-29T14:15:38Z] [INFO] [RegistryCollector]: Querying Security channel for Registry Event IDs: (4657, 4656)
[2026-05-29T14:15:38Z] [INFO] [RegistryCollector]: Successfully normalized 0 registry telemetry records.
[2026-05-29T14:15:48Z] [INFO] [RegistryCollector]: Initializing Registry Telemetry Cycle...
[2026-05-29T14:15:48Z] [INFO] [RegistryCollector]: Querying Security channel for Registry Event IDs: (4657, 4656)
[2026-05-29T14:15:48Z] [INFO] [RegistryCollector]: Successfully normalized 0 registry telemetry records.
[2026-05-29T14:15:59Z] [INFO] [RegistryCollector]: Initializing Registry Telemetry Cycle...
[2026-05-29T14:15:59Z] [INFO] [RegistryCollector]: Querying Security channel for Registry Event IDs: (4657, 4656)
[2026-05-29T14:15:59Z] [INFO] [RegistryCollector]: Successfully normalized 0 registry telemetry records.
[2026-05-29T14:16:09Z] [INFO] [RegistryCollector]: Initializing Registry Telemetry Cycle...
[2026-05-29T14:16:09Z] [INFO] [RegistryCollector]: Querying Security channel for Registry Event IDs: (4657, 4656)
[2026-05-29T14:16:10Z] [INFO] [RegistryCollector]: Successfully normalized 0 registry telemetry records.
[2026-05-29T14:16:20Z] [INFO] [RegistryCollector]: Initializing Registry Telemetry Cycle...
[2026-05-29T14:16:20Z] [INFO] [RegistryCollector]: Querying Security channel for Registry Event IDs: (4657, 4656)
[2026-05-29T14:16:20Z] [INFO] [RegistryCollector]: Successfully normalized 0 registry telemetry records.
[2026-05-29T14:16:30Z] [INFO] [RegistryCollector]: Initializing Registry Telemetry Cycle...
[2026-05-29T14:16:31Z] [INFO] [RegistryCollector]: Querying Security channel for Registry Event IDs: (4657, 4656)
[2026-05-29T14:16:31Z] [INFO] [RegistryCollector]: Successfully normalized 0 registry telemetry records.
[2026-05-29T14:16:41Z] [INFO] [RegistryCollector]: Initializing Registry Telemetry Cycle...
[2026-05-29T14:16:41Z] [INFO] [RegistryCollector]: Querying Security channel for Registry Event IDs: (4657, 4656)
[2026-05-29T14:16:41Z] [INFO] [RegistryCollector]: Successfully normalized 0 registry telemetry records.
[2026-05-29T14:16:51Z] [INFO] [RegistryCollector]: Initializing Registry Telemetry Cycle...
[2026-05-29T14:16:51Z] [INFO] [RegistryCollector]: Querying Security channel for Registry Event IDs: (4657, 4656)
[2026-05-29T14:16:52Z] [INFO] [RegistryCollector]: Successfully normalized 0 registry telemetry records.
[2026-05-29T14:17:02Z] [INFO] [RegistryCollector]: Initializing Registry Telemetry Cycle...
[2026-05-29T14:17:02Z] [INFO] [RegistryCollector]: Querying Security channel for Registry Event IDs: (4657, 4656)
[2026-05-29T14:17:02Z] [INFO] [RegistryCollector]: Successfully normalized 0 registry telemetry records.
[2026-05-29T14:17:12Z] [INFO] [RegistryCollector]: Initializing Registry Telemetry Cycle...
[2026-05-29T14:17:12Z] [INFO] [RegistryCollector]: Querying Security channel for Registry Event IDs: (4657, 4656)
[2026-05-29T14:17:13Z] [INFO] [RegistryCollector]: Successfully normalized 0 registry telemetry records.
[2026-05-29T14:17:23Z] [INFO] [RegistryCollector]: Initializing Registry Telemetry Cycle...
[2026-05-29T14:17:23Z] [INFO] [RegistryCollector]: Querying Security channel for Registry Event IDs: (4657, 4656)
[2026-05-29T14:17:23Z] [INFO] [RegistryCollector]: Successfully normalized 0 registry telemetry records.
[2026-05-29T14:17:33Z] [INFO] [RegistryCollector]: Initializing Registry Telemetry Cycle...
[2026-05-29T14:17:33Z] [INFO] [RegistryCollector]: Querying Security channel for Registry Event IDs: (4657, 4656)
[2026-05-29T14:17:34Z] [INFO] [RegistryCollector]: Successfully normalized 0 registry telemetry records.
[2026-05-29T14:17:44Z] [INFO] [RegistryCollector]: Initializing Registry Telemetry Cycle...
[2026-05-29T14:17:44Z] [INFO] [RegistryCollector]: Querying Security channel for Registry Event IDs: (4657, 4656)
[2026-05-29T14:17:44Z] [INFO] [RegistryCollector]: Successfully normalized 0 registry telemetry records.
[2026-05-29T14:17:54Z] [INFO] [RegistryCollector]: Initializing Registry Telemetry Cycle...
[2026-05-29T14:17:54Z] [INFO] [RegistryCollector]: Querying Security channel for Registry Event IDs: (4657, 4656)
[2026-05-29T14:17:54Z] [INFO] [RegistryCollector]: Successfully normalized 0 registry telemetry records.
[2026-05-29T14:18:04Z] [INFO] [RegistryCollector]: Initializing Registry Telemetry Cycle...
[2026-05-29T14:18:04Z] [INFO] [RegistryCollector]: Querying Security channel for Registry Event IDs: (4657, 4656)
[2026-05-29T14:18:05Z] [INFO] [RegistryCollector]: Successfully normalized 0 registry telemetry records.
[2026-05-29T14:18:15Z] [INFO] [RegistryCollector]: Initializing Registry Telemetry Cycle...
[2026-05-29T14:18:15Z] [INFO] [RegistryCollector]: Querying Security channel for Registry Event IDs: (4657, 4656)
[2026-05-29T14:18:15Z] [INFO] [RegistryCollector]: Successfully normalized 0 registry telemetry records.
[2026-05-29T14:18:25Z] [INFO] [RegistryCollector]: Initializing Registry Telemetry Cycle...
[2026-05-29T14:18:25Z] [INFO] [RegistryCollector]: Querying Security channel for Registry Event IDs: (4657, 4656)
[2026-05-29T14:18:26Z] [INFO] [RegistryCollector]: Successfully normalized 0 registry telemetry records.
[2026-05-29T14:18:36Z] [INFO] [RegistryCollector]: Initializing Registry Telemetry Cycle...
[2026-05-29T14:18:36Z] [INFO] [RegistryCollector]: Querying Security channel for Registry Event IDs: (4657, 4656)
[2026-05-29T14:18:36Z] [INFO] [RegistryCollector]: Successfully normalized 0 registry telemetry records.
[2026-05-29T14:18:47Z] [INFO] [RegistryCollector]: Initializing Registry Telemetry Cycle...
[2026-05-29T14:18:47Z] [INFO] [RegistryCollector]: Querying Security channel for Registry Event IDs: (4657, 4656)
[2026-05-29T14:18:47Z] [INFO] [RegistryCollector]: Successfully normalized 0 registry telemetry records.
[2026-05-29T14:18:57Z] [INFO] [RegistryCollector]: Initializing Registry Telemetry Cycle...
[2026-05-29T14:18:57Z] [INFO] [RegistryCollector]: Querying Security channel for Registry Event IDs: (4657, 4656)
[2026-05-29T14:18:57Z] [INFO] [RegistryCollector]: Successfully normalized 0 registry telemetry records.
[2026-05-29T14:19:07Z] [INFO] [RegistryCollector]: Initializing Registry Telemetry Cycle...
[2026-05-29T14:19:07Z] [INFO] [RegistryCollector]: Querying Security channel for Registry Event IDs: (4657, 4656)
[2026-05-29T14:19:08Z] [INFO] [RegistryCollector]: Successfully normalized 0 registry telemetry records.
[2026-05-29T14:19:18Z] [INFO] [RegistryCollector]: Initializing Registry Telemetry Cycle...
[2026-05-29T14:19:18Z] [INFO] [RegistryCollector]: Querying Security channel for Registry Event IDs: (4657, 4656)
[2026-05-29T14:19:18Z] [INFO] [RegistryCollector]: Successfully normalized 0 registry telemetry records.
[2026-05-29T14:19:28Z] [INFO] [RegistryCollector]: Initializing Registry Telemetry Cycle...
[2026-05-29T14:19:28Z] [INFO] [RegistryCollector]: Querying Security channel for Registry Event IDs: (4657, 4656)
[2026-05-29T14:19:29Z] [INFO] [RegistryCollector]: Successfully normalized 0 registry telemetry records.
[2026-05-29T14:19:39Z] [INFO] [RegistryCollector]: Initializing Registry Telemetry Cycle...
[2026-05-29T14:19:39Z] [INFO] [RegistryCollector]: Querying Security channel for Registry Event IDs: (4657, 4656)
[2026-05-29T14:19:39Z] [INFO] [RegistryCollector]: Successfully normalized 0 registry telemetry records.
[2026-05-29T14:19:50Z] [INFO] [RegistryCollector]: Initializing Registry Telemetry Cycle...
[2026-05-29T14:19:50Z] [INFO] [RegistryCollector]: Querying Security channel for Registry Event IDs: (4657, 4656)
[2026-05-29T14:19:50Z] [INFO] [RegistryCollector]: Successfully normalized 0 registry telemetry records.
[2026-05-29T14:20:00Z] [INFO] [RegistryCollector]: Initializing Registry Telemetry Cycle...
[2026-05-29T14:20:00Z] [INFO] [RegistryCollector]: Querying Security channel for Registry Event IDs: (4657, 4656)
[2026-05-29T14:20:00Z] [INFO] [RegistryCollector]: Successfully normalized 0 registry telemetry records.
[2026-05-29T14:38:49Z] [INFO] [RegistryCollector]: Initializing Registry Telemetry Cycle...
[2026-05-29T14:38:49Z] [INFO] [RegistryCollector]: Querying Security channel for Registry Event IDs: (4657, 4656)
[2026-05-29T14:38:49Z] [INFO] [RegistryCollector]: Successfully normalized 0 registry telemetry records.
[2026-05-29T14:39:00Z] [INFO] [RegistryCollector]: Initializing Registry Telemetry Cycle...
[2026-05-29T14:39:00Z] [INFO] [RegistryCollector]: Querying Security channel for Registry Event IDs: (4657, 4656)
[2026-05-29T14:39:00Z] [INFO] [RegistryCollector]: Successfully normalized 0 registry telemetry records.
[2026-05-29T14:39:10Z] [INFO] [RegistryCollector]: Initializing Registry Telemetry Cycle...
[2026-05-29T14:39:10Z] [INFO] [RegistryCollector]: Querying Security channel for Registry Event IDs: (4657, 4656)
[2026-05-29T14:39:10Z] [INFO] [RegistryCollector]: Successfully normalized 0 registry telemetry records.
[2026-05-29T14:59:51Z] [WARNING] [PowershellCollector]: Config mapping empty. Using default EIDs 4104.
[2026-05-29T15:00:01Z] [WARNING] [PowershellCollector]: Config mapping empty. Using default EIDs 4104.
[2026-05-29T15:13:03Z] [INFO] [SecurityCollector]: Initializing Security Infrastructure Telemetry Cycle...
[2026-05-29T15:13:03Z] [INFO] [SecurityCollector]: Querying Security log channel for Event IDs: (4624, 4625, 4648, 4656)
[2026-05-29T15:13:03Z] [INFO] [SecurityCollector]: Successfully normalized 137 infrastructure security records.
[2026-05-29T15:15:21Z] [INFO] [ProcessCollector]: Initializing Process Telemetry collection cycle...
[2026-05-29T15:15:21Z] [WARNING] [ProcessCollector]: Config mapping empty. Using default EIDs 4688 and 4689.
[2026-05-29T15:15:21Z] [INFO] [ProcessCollector]: Querying Security log channel for Event IDs: (4688, 4689) over last 2 hour(s).
[2026-05-29T15:15:27Z] [INFO] [ProcessCollector]: Successfully normalized 9156 process telemetry records.
[2026-05-29T15:22:34Z] [INFO] [ScheduledTaskCollector]: Initializing Scheduled Task Telemetry Cycle...
[2026-05-29T15:22:34Z] [WARNING] [ScheduledTaskCollector]: Config mapping empty. Using default EIDs 106, 140, 141, 200.
[2026-05-29T15:22:34Z] [INFO] [ScheduledTaskCollector]: Querying TaskScheduler provider for Event IDs: (106, 140, 141, 200)
[2026-05-29T15:22:34Z] [INFO] [ScheduledTaskCollector]: Successfully normalized 0 scheduled task records.
[2026-05-29T15:22:57Z] [INFO] [ScheduledTaskCollector]: Initializing Scheduled Task Telemetry Cycle...
[2026-05-29T15:22:57Z] [WARNING] [ScheduledTaskCollector]: Config mapping empty. Using default EIDs 106, 140, 141, 200.
[2026-05-29T15:22:57Z] [INFO] [ScheduledTaskCollector]: Querying TaskScheduler provider for Event IDs: (106, 140, 141, 200)
[2026-05-29T15:22:57Z] [INFO] [ScheduledTaskCollector]: Successfully normalized 0 scheduled task records.
